<?xml version="1.0" encoding="UTF-8"?>
<testsuite name="FizzBuzzTest" tests="4" skipped="0" failures="0" errors="0" timestamp="2021-06-10T13:30:13" hostname="Joshuas-iMac.local" time="0.025">
  <properties/>
  <testcase name="If number is not divisible by 3 or 5 it is returned" classname="FizzBuzzTest" time="0.022"/>
  <testcase name="If number is divisible by 3 AND 5 FizzBuzz is returned" classname="FizzBuzzTest" time="0.001"/>
  <testcase name="If number is divisible by 5 only Buzz is returned" classname="FizzBuzzTest" time="0.0"/>
  <testcase name="If number is divisible by 3 only Fizz is returned" classname="FizzBuzzTest" time="0.0"/>
  <system-out><![CDATA[]]></system-out>
  <system-err><![CDATA[]]></system-err>
</testsuite>
